<?xml version="1.0" encoding="UTF-8"?>
<!-- Generated by org.testng.reporters.JUnitXMLReporter -->
<testsuite hostname="aseem" name="Test" tests="4" failures="0" timestamp="25 May 2016 19:10:54 GMT" time="43.533" errors="0">
  <testcase name="PageTitle" time="10.828" classname="testSetup.baseSetup"/>
  <testcase name="imgAltValue" time="8.02" classname="testSetup.baseSetup"/>
  <testcase name="phpError" time="4.317" classname="testSetup.baseSetup"/>
  <testcase name="Error404" time="4.45" classname="testSetup.baseSetup"/>
</testsuite> <!-- Test -->
